{"C:\\Users\\Renan\\Desktop\\Renan\\Cursos\\exercicios_webpac\\projeto\\reactjs-project-1\\src\\components\\Button\\index.jsx": {"path":"C:\\Users\\Renan\\Desktop\\Renan\\Cursos\\exercicios_webpac\\projeto\\reactjs-project-1\\src\\components\\Button\\index.jsx","statementMap":{"0":{"start":{"line":7,"column":40},"end":{"line":7,"column":50}},"1":{"start":{"line":9,"column":4},"end":{"line":17,"column":6}}},"fnMap":{"0":{"name":"(anonymous_0)","decl":{"start":{"line":6,"column":2},"end":{"line":6,"column":3}},"loc":{"start":{"line":6,"column":11},"end":{"line":18,"column":3}},"line":6}},"branchMap":{},"s":{"0":3,"1":3},"f":{"0":3},"b":{},"_coverageSchema":"1a1c01bbd47fc00a2c39e90264f33305004495a9","hash":"172e9dfcd72fe799778a30aa89a737363faf9f9f"}
,"C:\\Users\\Renan\\Desktop\\Renan\\Cursos\\exercicios_webpac\\projeto\\reactjs-project-1\\src\\components\\PostCard\\index.jsx": {"path":"C:\\Users\\Renan\\Desktop\\Renan\\Cursos\\exercicios_webpac\\projeto\\reactjs-project-1\\src\\components\\PostCard\\index.jsx","statementMap":{"0":{"start":{"line":3,"column":24},"end":{"line":11,"column":1}},"1":{"start":{"line":4,"column":2},"end":{"line":10,"column":8}}},"fnMap":{"0":{"name":"(anonymous_0)","decl":{"start":{"line":3,"column":24},"end":{"line":3,"column":25}},"loc":{"start":{"line":4,"column":2},"end":{"line":10,"column":8}},"line":4}},"branchMap":{},"s":{"0":2,"1":10},"f":{"0":10},"b":{},"_coverageSchema":"1a1c01bbd47fc00a2c39e90264f33305004495a9","hash":"3199a40e7f312a240880c903c8dcf5087a590915"}
,"C:\\Users\\Renan\\Desktop\\Renan\\Cursos\\exercicios_webpac\\projeto\\reactjs-project-1\\src\\components\\Posts\\index.jsx": {"path":"C:\\Users\\Renan\\Desktop\\Renan\\Cursos\\exercicios_webpac\\projeto\\reactjs-project-1\\src\\components\\Posts\\index.jsx","statementMap":{"0":{"start":{"line":5,"column":21},"end":{"line":17,"column":1}},"1":{"start":{"line":6,"column":2},"end":{"line":16,"column":8}},"2":{"start":{"line":8,"column":6},"end":{"line":14,"column":8}}},"fnMap":{"0":{"name":"(anonymous_0)","decl":{"start":{"line":5,"column":21},"end":{"line":5,"column":22}},"loc":{"start":{"line":6,"column":2},"end":{"line":16,"column":8}},"line":6},"1":{"name":"(anonymous_1)","decl":{"start":{"line":7,"column":15},"end":{"line":7,"column":16}},"loc":{"start":{"line":8,"column":6},"end":{"line":14,"column":8}},"line":8}},"branchMap":{"0":{"loc":{"start":{"line":5,"column":24},"end":{"line":5,"column":34}},"type":"default-arg","locations":[{"start":{"line":5,"column":32},"end":{"line":5,"column":34}}],"line":5}},"s":{"0":1,"1":3,"2":6},"f":{"0":3,"1":6},"b":{"0":[1]},"_coverageSchema":"1a1c01bbd47fc00a2c39e90264f33305004495a9","hash":"afc3cd89aecdcb70d6cd8defc297fc601efbb65f"}
,"C:\\Users\\Renan\\Desktop\\Renan\\Cursos\\exercicios_webpac\\projeto\\reactjs-project-1\\src\\components\\TextImput\\index.jsx": {"path":"C:\\Users\\Renan\\Desktop\\Renan\\Cursos\\exercicios_webpac\\projeto\\reactjs-project-1\\src\\components\\TextImput\\index.jsx","statementMap":{"0":{"start":{"line":3,"column":25},"end":{"line":13,"column":1}},"1":{"start":{"line":4,"column":2},"end":{"line":12,"column":4}}},"fnMap":{"0":{"name":"(anonymous_0)","decl":{"start":{"line":3,"column":25},"end":{"line":3,"column":26}},"loc":{"start":{"line":3,"column":60},"end":{"line":13,"column":1}},"line":3}},"branchMap":{},"s":{"0":1,"1":3},"f":{"0":3},"b":{},"_coverageSchema":"1a1c01bbd47fc00a2c39e90264f33305004495a9","hash":"495cf2d9e2ebfc2c01a7fc6aa86848aadd766b7a"}
,"C:\\Users\\Renan\\Desktop\\Renan\\Cursos\\exercicios_webpac\\projeto\\reactjs-project-1\\src\\templates\\Home\\index.jsx": {"path":"C:\\Users\\Renan\\Desktop\\Renan\\Cursos\\exercicios_webpac\\projeto\\reactjs-project-1\\src\\templates\\Home\\index.jsx","statementMap":{"0":{"start":{"line":9,"column":20},"end":{"line":73,"column":1}},"1":{"start":{"line":10,"column":28},"end":{"line":10,"column":40}},"2":{"start":{"line":11,"column":34},"end":{"line":11,"column":46}},"3":{"start":{"line":12,"column":41},"end":{"line":12,"column":53}},"4":{"start":{"line":13,"column":40},"end":{"line":13,"column":52}},"5":{"start":{"line":15,"column":22},"end":{"line":15,"column":53}},"6":{"start":{"line":16,"column":24},"end":{"line":20,"column":11}},"7":{"start":{"line":18,"column":8},"end":{"line":18,"column":76}},"8":{"start":{"line":24,"column":26},"end":{"line":30,"column":8}},"9":{"start":{"line":26,"column":27},"end":{"line":26,"column":44}},"10":{"start":{"line":28,"column":4},"end":{"line":28,"column":52}},"11":{"start":{"line":29,"column":4},"end":{"line":29,"column":32}},"12":{"start":{"line":32,"column":24},"end":{"line":38,"column":3}},"13":{"start":{"line":33,"column":22},"end":{"line":33,"column":68}},"14":{"start":{"line":34,"column":4},"end":{"line":34,"column":29}},"15":{"start":{"line":36,"column":4},"end":{"line":36,"column":20}},"16":{"start":{"line":37,"column":4},"end":{"line":37,"column":37}},"17":{"start":{"line":40,"column":23},"end":{"line":42,"column":3}},"18":{"start":{"line":41,"column":4},"end":{"line":41,"column":35}},"19":{"start":{"line":44,"column":2},"end":{"line":46,"column":38}},"20":{"start":{"line":45,"column":4},"end":{"line":45,"column":37}},"21":{"start":{"line":48,"column":2},"end":{"line":72,"column":4}}},"fnMap":{"0":{"name":"(anonymous_0)","decl":{"start":{"line":9,"column":20},"end":{"line":9,"column":21}},"loc":{"start":{"line":9,"column":26},"end":{"line":73,"column":1}},"line":9},"1":{"name":"(anonymous_1)","decl":{"start":{"line":17,"column":22},"end":{"line":17,"column":23}},"loc":{"start":{"line":17,"column":32},"end":{"line":19,"column":7}},"line":17},"2":{"name":"(anonymous_2)","decl":{"start":{"line":24,"column":38},"end":{"line":24,"column":39}},"loc":{"start":{"line":24,"column":76},"end":{"line":30,"column":3}},"line":24},"3":{"name":"(anonymous_3)","decl":{"start":{"line":32,"column":24},"end":{"line":32,"column":25}},"loc":{"start":{"line":32,"column":30},"end":{"line":38,"column":3}},"line":32},"4":{"name":"(anonymous_4)","decl":{"start":{"line":40,"column":23},"end":{"line":40,"column":24}},"loc":{"start":{"line":40,"column":30},"end":{"line":42,"column":3}},"line":40},"5":{"name":"(anonymous_5)","decl":{"start":{"line":44,"column":12},"end":{"line":44,"column":13}},"loc":{"start":{"line":44,"column":18},"end":{"line":46,"column":3}},"line":44}},"branchMap":{"0":{"loc":{"start":{"line":16,"column":24},"end":{"line":20,"column":11}},"type":"cond-expr","locations":[{"start":{"line":17,"column":6},"end":{"line":19,"column":8}},{"start":{"line":20,"column":6},"end":{"line":20,"column":11}}],"line":16},"1":{"loc":{"start":{"line":56,"column":7},"end":{"line":60,"column":7}},"type":"cond-expr","locations":[{"start":{"line":57,"column":8},"end":{"line":57,"column":39}},{"start":{"line":59,"column":8},"end":{"line":59,"column":58}}],"line":56},"2":{"loc":{"start":{"line":63,"column":9},"end":{"line":69,"column":9}},"type":"binary-expr","locations":[{"start":{"line":63,"column":9},"end":{"line":63,"column":21}},{"start":{"line":64,"column":10},"end":{"line":68,"column":12}}],"line":63}},"s":{"0":0,"1":0,"2":0,"3":0,"4":0,"5":0,"6":0,"7":0,"8":0,"9":0,"10":0,"11":0,"12":0,"13":0,"14":0,"15":0,"16":0,"17":0,"18":0,"19":0,"20":0,"21":0},"f":{"0":0,"1":0,"2":0,"3":0,"4":0,"5":0},"b":{"0":[0,0],"1":[0,0],"2":[0,0]}}
}
